"../../../../../../GameDev/Capstone/CapstoneSpring2019/AIGame/Content/FirstPerson/Character/Mesh/SK_Mannequin_Arms_Skeleton.uasset" 0
"../../../../../../GameDev/Capstone/CapstoneSpring2019/AIGame/Content/FirstPerson/Animations/FirstPerson_Idle.uasset" 1
"../../../../../../GameDev/Capstone/CapstoneSpring2019/AIGame/Content/FirstPerson/Animations/FirstPerson_JumpEnd.uasset" 2
"../../../../../../GameDev/Capstone/CapstoneSpring2019/AIGame/Content/FirstPerson/Animations/FirstPerson_JumpLoop.uasset" 3
"../../../../../../GameDev/Capstone/CapstoneSpring2019/AIGame/Content/FirstPerson/Animations/FirstPerson_JumpStart.uasset" 4
"../../../../../../GameDev/Capstone/CapstoneSpring2019/AIGame/Content/FirstPerson/Animations/FirstPerson_Run.uasset" 5
"../../../Engine/Content/EditorBlueprintResources/StandardMacros.uasset" 6
"../../../../../../GameDev/Capstone/CapstoneSpring2019/AIGame/Content/FirstPerson/Animations/FirstPerson_AnimBP.uasset" 7
"../../../../../../GameDev/Capstone/CapstoneSpring2019/AIGame/Content/FirstPerson/Audio/FirstPersonTemplateWeaponFire02.uasset" 8
"../../../Engine/Content/Functions/Engine_MaterialFunctions02/Utility/BlendAngleCorrectedNormals.uasset" 9
"../../../Engine/Content/Functions/MaterialLayerFunctions/MatLayerBlend_NormalBlend.uasset" 10
"../../../Engine/Content/Functions/MaterialLayerFunctions/MatLayerBlend_Simple.uasset" 11
"../../../../../../GameDev/Capstone/CapstoneSpring2019/AIGame/Content/FirstPerson/Character/Materials/MaterialLayers/T_ML_Rubber_Blue_01_D.uasset" 12
"../../../../../../GameDev/Capstone/CapstoneSpring2019/AIGame/Content/FirstPerson/Character/Materials/MaterialLayers/T_ML_Rubber_Blue_01_N.uasset" 13
"../../../../../../GameDev/Capstone/CapstoneSpring2019/AIGame/Content/FirstPerson/Character/Materials/MaterialLayers/ML_GlossyBlack_Latex_UE4.uasset" 14
"../../../../../../GameDev/Capstone/CapstoneSpring2019/AIGame/Content/FirstPerson/Character/Materials/MaterialLayers/ML_Plastic_Shiny_Beige.uasset" 15
"../../../../../../GameDev/Capstone/CapstoneSpring2019/AIGame/Content/FirstPerson/Character/Textures/UE4_LOGO_CARD.uasset" 16
"../../../../../../GameDev/Capstone/CapstoneSpring2019/AIGame/Content/FirstPerson/Character/Materials/MaterialLayers/ML_Plastic_Shiny_Beige_LOGO.uasset" 17
"../../../../../../GameDev/Capstone/CapstoneSpring2019/AIGame/Content/FirstPerson/Character/Materials/MaterialLayers/T_ML_Aluminum01.uasset" 18
"../../../../../../GameDev/Capstone/CapstoneSpring2019/AIGame/Content/FirstPerson/Character/Materials/MaterialLayers/T_ML_Aluminum01_N.uasset" 19
"../../../../../../GameDev/Capstone/CapstoneSpring2019/AIGame/Content/FirstPerson/Character/Materials/MaterialLayers/ML_SoftMetal_UE4.uasset" 20
"../../../../../../GameDev/Capstone/CapstoneSpring2019/AIGame/Content/FirstPerson/Character/Textures/UE4_Mannequin__normals.uasset" 21
"../../../../../../GameDev/Capstone/CapstoneSpring2019/AIGame/Content/FirstPerson/Character/Textures/UE4_Mannequin_MAT_MASKA.uasset" 22
"../../../../../../GameDev/Capstone/CapstoneSpring2019/AIGame/Content/FirstPerson/Character/Materials/M_UE4Man_Body.uasset" 23
"../../../../../../GameDev/Capstone/CapstoneSpring2019/AIGame/Content/FirstPerson/Character/Mesh/SK_Mannequin_Arms_PhysicsAsset.uasset" 24
"../../../../../../GameDev/Capstone/CapstoneSpring2019/AIGame/Content/FirstPerson/Character/Mesh/SK_Mannequin_Arms.uasset" 25
"../../../../../../GameDev/Capstone/CapstoneSpring2019/AIGame/Content/FirstPerson/FPWeapon/Materials/MaterialLayers/ML_Plastic_Shiny_Beige_LOGO.uasset" 26
"../../../../../../GameDev/Capstone/CapstoneSpring2019/AIGame/Content/FirstPerson/FPWeapon/Materials/MaterialLayers/T_ML_FineRubber.uasset" 27
"../../../../../../GameDev/Capstone/CapstoneSpring2019/AIGame/Content/FirstPerson/FPWeapon/Materials/MaterialLayers/T_ML_Rubber_Blue_01_D.uasset" 28
"../../../../../../GameDev/Capstone/CapstoneSpring2019/AIGame/Content/FirstPerson/FPWeapon/Materials/MaterialLayers/T_ML_Rubber_Blue_01_N.uasset" 29
"../../../../../../GameDev/Capstone/CapstoneSpring2019/AIGame/Content/FirstPerson/FPWeapon/Materials/MaterialLayers/ML_GlossyBlack_Latex_UE4.uasset" 30
"../../../../../../GameDev/Capstone/CapstoneSpring2019/AIGame/Content/FirstPerson/FPWeapon/Materials/MaterialLayers/ML_Plastic_Shiny_Beige.uasset" 31
"../../../../../../GameDev/Capstone/CapstoneSpring2019/AIGame/Content/FirstPerson/FPWeapon/Materials/MaterialLayers/ML_Screen.uasset" 32
"../../../../../../GameDev/Capstone/CapstoneSpring2019/AIGame/Content/FirstPerson/FPWeapon/Materials/MaterialLayers/T_ML_Aluminum01.uasset" 33
"../../../../../../GameDev/Capstone/CapstoneSpring2019/AIGame/Content/FirstPerson/FPWeapon/Materials/MaterialLayers/T_ML_Aluminum01_N.uasset" 34
"../../../../../../GameDev/Capstone/CapstoneSpring2019/AIGame/Content/FirstPerson/FPWeapon/Materials/MaterialLayers/ML_SoftMetal_UE4.uasset" 35
"../../../../../../GameDev/Capstone/CapstoneSpring2019/AIGame/Content/FirstPerson/FPWeapon/Textures/T_FPGun_M.uasset" 36
"../../../../../../GameDev/Capstone/CapstoneSpring2019/AIGame/Content/FirstPerson/FPWeapon/Textures/T_FPGun_N.uasset" 37
"../../../../../../GameDev/Capstone/CapstoneSpring2019/AIGame/Content/FirstPerson/FPWeapon/Materials/M_FPGun.uasset" 38
"../../../../../../GameDev/Capstone/CapstoneSpring2019/AIGame/Content/FirstPerson/FPWeapon/Mesh/SK_FPGun_Skeleton.uasset" 39
"../../../../../../GameDev/Capstone/CapstoneSpring2019/AIGame/Content/FirstPerson/FPWeapon/Mesh/SK_FPGun.uasset" 40
"../../../../../../GameDev/Capstone/CapstoneSpring2019/AIGame/Content/FirstPerson/FPWeapon/Mesh/SK_FPGun_PhysicsAsset.uasset" 41
"../../../../../../GameDev/Capstone/CapstoneSpring2019/AIGame/Content/FirstPerson/Meshes/BaseMaterial.uasset" 42
"../../../../../../GameDev/Capstone/CapstoneSpring2019/AIGame/Content/FirstPerson/Meshes/CubeMaterialOverride.uasset" 43
"../../../../../../GameDev/Capstone/CapstoneSpring2019/AIGame/Content/FirstPerson/Meshes/FirstPersonProjectileMaterial.uasset" 44
"../../../../../../GameDev/Capstone/CapstoneSpring2019/AIGame/Content/FirstPerson/Meshes/FirstPersonProjectileMesh.uasset" 45
"../../../../../../GameDev/Capstone/CapstoneSpring2019/AIGame/Content/FirstPersonBP/Blueprints/FirstPersonProjectile.uasset" 46
"../../../../../../GameDev/Capstone/CapstoneSpring2019/AIGame/Content/FirstPersonBP/Maps/MainWorld_BuiltData.uasset" 47
"../../../../../../GameDev/Capstone/CapstoneSpring2019/AIGame/Content/Geometry/Meshes/CubeMaterial.uasset" 48
"../../../../../../GameDev/Capstone/CapstoneSpring2019/AIGame/Content/Geometry/Meshes/1M_Cube_Chamfer.uasset" 49
"../../../../../../GameDev/Capstone/CapstoneSpring2019/AIGame/Content/Geometry/Meshes/Rock3.uasset" 50
"../../../../../../GameDev/Capstone/CapstoneSpring2019/AIGame/Content/Geometry/Meshes/TemplateFloor.uasset" 51
"../../../../../../GameDev/Capstone/CapstoneSpring2019/AIGame/Content/Sounds/button_1.uasset" 52
"../../../../../../GameDev/Capstone/CapstoneSpring2019/AIGame/Content/Sounds/button_1_Cue.uasset" 53
"../../../../../../GameDev/Capstone/CapstoneSpring2019/AIGame/Content/Textures/musgrave_ridged_turbulent2.uasset" 54
"../../../../../../GameDev/Capstone/CapstoneSpring2019/AIGame/Content/Textures/raw_perlin.uasset" 55
"../../../Engine/Content/Functions/Engine_MaterialFunctions01/Opacity/CameraDepthFade.uasset" 56
"../../../Engine/Content/EngineMaterials/T_Default_Material_Grid_M.uasset" 57
"../../../Engine/Content/EngineMaterials/T_Default_Material_Grid_N.uasset" 58
"../../../Engine/Content/EngineMaterials/WorldGridMaterial.uasset" 59
"../../../Engine/Content/ArtTools/RenderToTexture/Meshes/S_1_Unit_Plane.uasset" 60
"../../../Engine/Content/EngineMaterials/DefaultMaterial.uasset" 61
"../../../Engine/Content/BasicShapes/Cone.uasset" 62
"../../../Engine/Content/BasicShapes/Cube.uasset" 63
"../../../Engine/Content/BasicShapes/Cylinder.uasset" 64
"../../../Engine/Content/EditorLandscapeResources/DataLayer.uasset" 65
"../../../Engine/Content/EditorMaterials/GizmoMaterial.uasset" 66
"../../../Engine/Content/EditorMaterials/MAT_Groups_Toggle.uasset" 67
"../../../Engine/Content/EditorMaterials/MAT_Groups_Visibility.uasset" 68
"../../../Engine/Content/EditorMaterials/PreviewShadowIndicator.uasset" 69
"../../../Engine/Content/EditorMaterials/PreviewShadowIndicatorMaterial.uasset" 70
"../../../Engine/Content/EditorMaterials/MatineeGroups/MAT_ColorTrack.uasset" 71
"../../../Engine/Content/EditorMaterials/MatineeGroups/MAT_Groups_Anim.uasset" 72
"../../../Engine/Content/EditorMaterials/MatineeGroups/MAT_Groups_AudioMaster.uasset" 73
"../../../Engine/Content/EditorMaterials/MatineeGroups/MAT_Groups_Director.uasset" 74
"../../../Engine/Content/EditorMaterials/MatineeGroups/MAT_Groups_Event.uasset" 75
"../../../Engine/Content/EditorMaterials/MatineeGroups/MAT_Groups_Fade.uasset" 76
"../../../Engine/Content/EditorMaterials/MatineeGroups/MAT_Groups_Float.uasset" 77
"../../../Engine/Content/EditorMaterials/MatineeGroups/MAT_Groups_Move.uasset" 78
"../../../Engine/Content/EditorMaterials/MatineeGroups/MAT_Groups_Slomo.uasset" 79
"../../../Engine/Content/EditorMaterials/MatineeGroups/MAT_Groups_Sound.uasset" 80
"../../../Engine/Content/EditorMaterials/MatineeGroups/MAT_Groups_Vector.uasset" 81
"../../../Engine/Content/EditorMaterials/ParticleSystems/PSysThumbnail_NoImage.uasset" 82
"../../../Engine/Content/EditorMaterials/ParticleSystems/PSysThumbnail_OOD.uasset" 83
"../../../Engine/Content/EditorMaterials/Camera/CineMat.uasset" 84
"../../../Engine/Content/EditorMaterials/Camera/MI_CineMat_Rig.uasset" 85
"../../../Engine/Content/EditorMeshes/Camera/SM_CraneRig_Arm.uasset" 86
"../../../Engine/Content/EditorMeshes/Camera/SM_CraneRig_Base.uasset" 87
"../../../Engine/Content/EditorMeshes/Camera/SM_CraneRig_Body.uasset" 88
"../../../Engine/Content/EditorMeshes/Camera/SM_CraneRig_Mount.uasset" 89
"../../../Engine/Content/EditorMeshes/Camera/SM_RailRig_Mount.uasset" 90
"../../../Engine/Content/EditorMeshes/Camera/SM_RailRig_Track.uasset" 91
"../../../Engine/Content/EditorResources/BSPVertex.uasset" 92
"../../../Engine/Content/EditorResources/EmptyActor.uasset" 93
"../../../Engine/Content/EditorResources/S_Actor.uasset" 94
"../../../Engine/Content/EditorResources/S_Trigger.uasset" 95
"../../../Engine/Content/EditorResources/AudioIcons/S_AudioComponent_AutoActivate.uasset" 96
"../../../Engine/Content/EditorResources/LightIcons/S_LightError.uasset" 97
"../../../Engine/Content/EditorResources/SequenceRecorder/Countdown.uasset" 98
"../../../Engine/Content/EditorResources/SequenceRecorder/RecordingIndicator.uasset" 99
"../../../Engine/Content/EditorSounds/Notifications/CompileFailed.uasset" 100
"../../../Engine/Content/EditorSounds/Notifications/CompileFailed_Cue.uasset" 101
"../../../Engine/Content/EditorSounds/Notifications/CompileSuccess.uasset" 102
"../../../Engine/Content/EditorSounds/Notifications/CompileStart_Cue.uasset" 103
"../../../Engine/Content/EditorSounds/Notifications/CompileSuccess_Cue.uasset" 104
"../../../Engine/Content/EngineDamageTypes/DmgTypeBP_Environmental.uasset" 105
"../../../Engine/Content/EngineDebugMaterials/HeatmapGradient.uasset" 106
"../../../Engine/Content/EngineDebugMaterials/BoneWeightMaterial.uasset" 107
"../../../Engine/Content/EngineDebugMaterials/ClothMaterial.uasset" 108
"../../../Engine/Content/EngineDebugMaterials/ClothMaterial_WF.uasset" 109
"../../../Engine/Content/EngineDebugMaterials/DebugEditorMaterial.uasset" 110
"../../../Engine/Content/EngineDebugMaterials/DebugMeshMaterial.uasset" 111
"../../../Engine/Content/EngineDebugMaterials/GeomMaterial.uasset" 112
"../../../Engine/Content/EngineDebugMaterials/M_SimpleTranslucent.uasset" 113
"../../../Engine/Content/EngineFonts/Faces/RobotoBold.uasset" 114
"../../../Engine/Content/EngineFonts/Faces/RobotoBoldItalic.uasset" 115
"../../../Engine/Content/EngineFonts/Faces/RobotoItalic.uasset" 116
"../../../Engine/Content/EngineFonts/Faces/RobotoLight.uasset" 117
"../../../Engine/Content/EngineFonts/Faces/RobotoRegular.uasset" 118
"../../../Engine/Content/EngineFonts/Roboto.uasset" 119
"../../../Engine/Content/EngineFonts/Faces/RobotoTiny.uasset" 120
"../../../Engine/Content/EngineFonts/RobotoTiny.uasset" 121
"../../../Engine/Content/EngineMaterials/BaseFlattenDiffuseMap.uasset" 122
"../../../Engine/Content/EngineMaterials/BaseFlattenEmissiveMap.uasset" 123
"../../../Engine/Content/EngineMaterials/BaseFlattenGrayscaleMap.uasset" 124
"../../../Engine/Content/EngineMaterials/BaseFlattenNormalMap.uasset" 125
"../../../Engine/Content/EngineMaterials/BaseFlattenMaterial.uasset" 126
"../../../Engine/Content/EngineMaterials/DefaultBloomKernel.uasset" 127
"../../../Engine/Content/EngineMaterials/DefaultBokeh.uasset" 128
"../../../Engine/Content/EngineMaterials/DefaultDiffuse.uasset" 129
"../../../Engine/Content/EngineMaterials/DefaultDeferredDecalMaterial.uasset" 130
"../../../Engine/Content/EngineMaterials/DefaultLightFunctionMaterial.uasset" 131
"../../../Engine/Content/Functions/Engine_MaterialFunctions02/Utility/BreakOutFloat2Components.uasset" 132
"../../../Engine/Content/EngineMaterials/DefaultPostProcessMaterial.uasset" 133
"../../../Engine/Content/EngineFonts/RobotoDistanceField.uasset" 134
"../../../Engine/Content/EngineMaterials/DefaultTextMaterialOpaque.uasset" 135
"../../../Engine/Content/EngineMaterials/DefaultWhiteGrid.uasset" 136
"../../../Engine/Content/EngineMaterials/EditorBrushMaterial.uasset" 137
"../../../Engine/Content/EngineMaterials/Good64x64TilingNoiseHighFreq.uasset" 138
"../../../Engine/Content/EngineMaterials/MiniFont.uasset" 139
"../../../Engine/Content/EngineMaterials/InvalidLightmapSettings.uasset" 140
"../../../Engine/Content/EngineMaterials/M_InvalidLightmapSettings.uasset" 141
"../../../Engine/Content/Functions/Engine_MaterialFunctions02/WorldPositionOffset/CameraOffset.uasset" 142
"../../../Engine/Content/EngineMaterials/PhAT_JointLimitMaterial.uasset" 143
"../../../Engine/Content/EngineMaterials/PreintegratedSkinBRDF.uasset" 144
"../../../Engine/Content/EngineMaterials/RemoveSurfaceMaterial.uasset" 145
"../../../Engine/Content/EngineMaterials/WeightMapPlaceholderTexture.uasset" 146
"../../../Engine/Content/EngineResources/WhiteSquareTexture.uasset" 147
"../../../Engine/Content/EngineMaterials/Widget3DPassThrough.uasset" 148
"../../../Engine/Content/EngineMaterials/Widget3DPassThrough_Masked.uasset" 149
"../../../Engine/Content/EngineMaterials/Widget3DPassThrough_Opaque.uasset" 150
"../../../Engine/Content/EngineMaterials/Widget3DPassThrough_Masked_OneSided.uasset" 151
"../../../Engine/Content/EngineMaterials/Widget3DPassThrough_Opaque_OneSided.uasset" 152
"../../../Engine/Content/EngineMaterials/Widget3DPassThrough_Translucent.uasset" 153
"../../../Engine/Content/EngineMaterials/Widget3DPassThrough_Translucent_OneSided.uasset" 154
"../../../Engine/Content/EngineMeshes/Cylinder.uasset" 155
"../../../Engine/Content/EngineMeshes/Sphere.uasset" 156
"../../../Engine/Content/EngineResources/Black.uasset" 157
"../../../Engine/Content/EngineResources/DefaultTexture.uasset" 158
"../../../Engine/Content/EngineResources/DefaultTextureCube.uasset" 159
"../../../Engine/Content/EngineResources/DefaultVolumeTexture2D.uasset" 160
"../../../Engine/Content/EngineResources/DefaultVolumeTexture.uasset" 161
"../../../Engine/Content/EngineResources/GradientTexture0.uasset" 162
"../../../Engine/Content/EngineSounds/Master.uasset" 163
"../../../Engine/Content/Functions/Engine_MaterialFunctions01/Shading/ConvertFromDiffSpec.uasset" 164
"../../../Engine/Content/Functions/Engine_MaterialFunctions01/Shading/PowerToRoughness.uasset" 165
"../../../Engine/Content/Maps/Templates/Thumbnails/Default.uasset" 166
"../../../Engine/Content/Maps/Templates/Thumbnails/VR-Basic.uasset" 167
"../../../Engine/Content/MobileResources/T_MobileControls_texture.uasset" 168
"../../../Engine/Content/MobileResources/T_MobileMenu2.uasset" 169
"../../../Engine/Content/MobileResources/HUD/AnalogHat.uasset" 170
"../../../Engine/Content/MobileResources/HUD/VirtualJoystick_Background.uasset" 171
"../../../Engine/Content/MobileResources/HUD/VirtualJoystick_Thumb.uasset" 172
"../../../Engine/Content/MobileResources/HUD/DefaultVirtualJoysticks.uasset" 173
"../../../Engine/Content/MobileResources/HUD/LeftVirtualJoystickOnly.uasset" 174
"../../../Engine/Content/MobileResources/HUD/MobileHUDButton1_off.uasset" 175
"../../../Engine/Content/MobileResources/HUD/MobileHUDButton1_on.uasset" 176
"../../../Engine/Content/MobileResources/HUD/MobileHUDButton2_off.uasset" 177
"../../../Engine/Content/MobileResources/HUD/MobileHUDButton2_on.uasset" 178
"../../../Engine/Content/MobileResources/HUD/MobileHUDButton3.uasset" 179
"../../../Engine/Content/MobileResources/HUD/MobileHUDButtonFire.uasset" 180
"../../../Engine/Content/MobileResources/HUD/MobileHUDDirectionPad.uasset" 181
"../../../Engine/Content/MobileResources/HUD/MobileHUDDirectionPad2.uasset" 182
"../../../Engine/Content/MobileResources/HUD/MobileHUDDirectionPad3.uasset" 183
"../../../Engine/Content/MobileResources/HUD/MobileHUDDirectionStick.uasset" 184
"../../../Engine/Content/MobileResources/HUD/T_Castle_ThumbstickInner.uasset" 185
"../../../Engine/Content/MobileResources/HUD/T_Castle_ThumbstickOutter.uasset" 186
"../../../Engine/Content/Tutorial/ContentIntroCurve.uasset" 187
"../../../Engine/Content/VREditor/LaserPointer/VR_LaserPower_01.uasset" 188
"../../../Engine/Content/VREditor/TransformGizmo/TransformGizmoMaterial.uasset" 189
"../../../Engine/Content/VREditor/TransformGizmo/TranslucentTransformGizmoMaterial.uasset" 190
"../../../Engine/Content/VREditor/TransformGizmo/BoundingBoxCorner.uasset" 191
"../../../Engine/Content/VREditor/TransformGizmo/BoundingBoxEdge.uasset" 192
"../../../Engine/Content/VREditor/TransformGizmo/PlaneTranslationHandle.uasset" 193
"../../../Engine/Content/VREditor/TransformGizmo/Main.uasset" 194
"../../../Engine/Content/VREditor/TransformGizmo/Xray.uasset" 195
"../../../Engine/Content/VREditor/TransformGizmo/SM_Sequencer_Key.uasset" 196
"../../../Engine/Content/VREditor/TransformGizmo/SM_Sequencer_Node.uasset" 197
"../../Plugins/2D/Paper2D/Content/PlaceholderTextures/DummySpriteTexture.uasset" 198
"../../Plugins/2D/Paper2D/Content/DummySprite.uasset" 199
"../../Plugins/2D/Paper2D/Content/DefaultPaperTerrainMaterial.uasset" 200
"../../Plugins/2D/Paper2D/Content/DefaultSpriteMaterial.uasset" 201
"../../Plugins/2D/Paper2D/Content/MaskedUnlitSpriteMaterial.uasset" 202
"../../Plugins/2D/Paper2D/Content/OpaqueUnlitSpriteMaterial.uasset" 203
"../../Plugins/Runtime/Oculus/OculusVR/Content/Materials/PokeAHoleMaterial.uasset" 204
"../../Plugins/Runtime/Oculus/OculusVR/Content/Textures/GearVRController_AO.uasset" 205
"../../Plugins/Runtime/Oculus/OculusVR/Content/Textures/GearVRController_Color.uasset" 206
"../../Plugins/Runtime/Oculus/OculusVR/Content/Textures/GearVRController_Normal.uasset" 207
"../../Plugins/Runtime/Oculus/OculusVR/Content/Materials/GearVRControllerMaterial.uasset" 208
"../../Plugins/Runtime/Oculus/OculusVR/Content/Meshes/GearVrController.uasset" 209
"../../Plugins/Runtime/Oculus/OculusVR/Content/Textures/touchController_albedo.uasset" 210
"../../Plugins/Runtime/Oculus/OculusVR/Content/Textures/touchController_controlmap.uasset" 211
"../../Plugins/Runtime/Oculus/OculusVR/Content/Materials/touchController_mat.uasset" 212
"../../Plugins/Runtime/Oculus/OculusVR/Content/Meshes/LeftTouchController.uasset" 213
"../../Plugins/Runtime/Oculus/OculusVR/Content/Meshes/RiftHMD.uasset" 214
"../../Plugins/Runtime/Oculus/OculusVR/Content/Meshes/RightTouchController.uasset" 215
"../../../../../../GameDev/Capstone/CapstoneSpring2019/AIGame/Content/FirstPersonBP/Models/PlayerArms_Skeleton.uasset" 216
"../../../../../../GameDev/Capstone/CapstoneSpring2019/AIGame/Content/FirstPersonBP/Models/PlayerArms_Anim_PlayerArma_Player_CheckDown.uasset" 217
"../../../../../../GameDev/Capstone/CapstoneSpring2019/AIGame/Content/FirstPersonBP/Models/PlayerArms_Anim_PlayerArma_Player_CheckIdle.uasset" 218
"../../../../../../GameDev/Capstone/CapstoneSpring2019/AIGame/Content/FirstPersonBP/Models/PlayerArms_Anim_PlayerArma_Player_CheckUp.uasset" 219
"../../../../../../GameDev/Capstone/CapstoneSpring2019/AIGame/Content/FirstPersonBP/Models/PlayerArms_Anim_PlayerArma_Player_JumpAir.uasset" 220
"../../../../../../GameDev/Capstone/CapstoneSpring2019/AIGame/Content/Sounds/sand_step_1.uasset" 221
"../../../../../../GameDev/Capstone/CapstoneSpring2019/AIGame/Content/Sounds/sand_step_2.uasset" 222
"../../../../../../GameDev/Capstone/CapstoneSpring2019/AIGame/Content/Sounds/sand_step_3_1.uasset" 223
"../../../../../../GameDev/Capstone/CapstoneSpring2019/AIGame/Content/Sounds/sand_step_1_Cue.uasset" 224
"../../../../../../GameDev/Capstone/CapstoneSpring2019/AIGame/Content/FirstPersonBP/Models/PlayerArms_Anim_PlayerArma_Player_JumpDown.uasset" 225
"../../../../../../GameDev/Capstone/CapstoneSpring2019/AIGame/Content/FirstPersonBP/Models/PlayerArms_Anim_PlayerArma_Player_JumpUp.uasset" 226
"../../../../../../GameDev/Capstone/CapstoneSpring2019/AIGame/Content/FirstPersonBP/Models/PlayerArms_Anim_PlayerArma_Player_Punch.uasset" 227
"../../../../../../GameDev/Capstone/CapstoneSpring2019/AIGame/Content/FirstPersonBP/Models/PlayerArms_Anim_PlayerArma_Player_WAttack.uasset" 228
"../../../../../../GameDev/Capstone/CapstoneSpring2019/AIGame/Content/FirstPersonBP/Models/PlayerArms_Anim_PlayerArma_Player_Idle.uasset" 229
"../../../../../../GameDev/Capstone/CapstoneSpring2019/AIGame/Content/FirstPersonBP/Models/PlayerArms_Anim_PlayerArma_Player_Run.uasset" 230
"../../../../../../GameDev/Capstone/CapstoneSpring2019/AIGame/Content/FirstPersonBP/Models/PlayerArms_Anim_PlayerArma_Player_Walk.uasset" 231
"../../../../../../GameDev/Capstone/CapstoneSpring2019/AIGame/Content/FirstPersonBP/Models/None_IWR.uasset" 232
"../../../../../../GameDev/Capstone/CapstoneSpring2019/AIGame/Content/FirstPersonBP/Models/PlayerArms_Anim_PlayerArma_Player_WIdle.uasset" 233
"../../../../../../GameDev/Capstone/CapstoneSpring2019/AIGame/Content/FirstPersonBP/Models/PlayerArms_Anim_PlayerArma_Player_WRun.uasset" 234
"../../../../../../GameDev/Capstone/CapstoneSpring2019/AIGame/Content/FirstPersonBP/Models/PlayerArms_Anim_PlayerArma_Player_WWalk.uasset" 235
"../../../../../../GameDev/Capstone/CapstoneSpring2019/AIGame/Content/FirstPersonBP/Models/Weapon_IWR.uasset" 236
"../../../../../../GameDev/Capstone/CapstoneSpring2019/AIGame/Content/FirstPersonBP/Models/Player_AnimBP.uasset" 237
"../../../../../../GameDev/Capstone/CapstoneSpring2019/AIGame/Content/FirstPerson/Animations/FirstPerson_Fire.uasset" 238
"../../../../../../GameDev/Capstone/CapstoneSpring2019/AIGame/Content/FirstPerson/Animations/FirstPersonFire_Montage.uasset" 239
"../../../../../../GameDev/Capstone/CapstoneSpring2019/AIGame/Content/AIActors/AIBB.uasset" 240
"../../../../../../GameDev/Capstone/CapstoneSpring2019/AIGame/Content/AIActors/FindPlayerInst.uasset" 241
"../../../../../../GameDev/Capstone/CapstoneSpring2019/AIGame/Content/AIActors/HasTarget.uasset" 242
"../../../../../../GameDev/Capstone/CapstoneSpring2019/AIGame/Content/AIActors/AIBT.uasset" 243
"../../../Engine/Content/BasicShapes/BasicShapeMaterial.uasset" 244
"../../../Engine/Content/BasicShapes/Sphere.uasset" 245
"../../../../../../GameDev/Capstone/CapstoneSpring2019/AIGame/Content/AIActors/AI_Base.uasset" 246
"../../../../../../GameDev/Capstone/CapstoneSpring2019/AIGame/Content/Geometry/Meshes/1M_Cube.uasset" 247
"../../../../../../GameDev/Capstone/CapstoneSpring2019/AIGame/Content/Inventory/Item_Base.uasset" 248
"../../../../../../GameDev/Capstone/CapstoneSpring2019/AIGame/Content/Inventory/Destructibles/Dest_Base.uasset" 249
"../../../../../../GameDev/Capstone/CapstoneSpring2019/AIGame/Content/Sounds/DefaultAtten.uasset" 250
"../../../../../../GameDev/Capstone/CapstoneSpring2019/AIGame/Content/Sounds/farming_rock.uasset" 251
"../../../../../../GameDev/Capstone/CapstoneSpring2019/AIGame/Content/Sounds/farming_rock_Cue.uasset" 252
"../../../../../../GameDev/Capstone/CapstoneSpring2019/AIGame/Content/Sounds/farming_wood.uasset" 253
"../../../../../../GameDev/Capstone/CapstoneSpring2019/AIGame/Content/Sounds/farming_wood_Cue.uasset" 254
"../../../../../../GameDev/Capstone/CapstoneSpring2019/AIGame/Content/Components/HealthComp.uasset" 255
"../../../../../../GameDev/Capstone/CapstoneSpring2019/AIGame/Content/FirstPerson/Textures/FirstPersonCrosshair.uasset" 256
"../../../../../../GameDev/Capstone/CapstoneSpring2019/AIGame/Content/FirstPersonBP/Blueprints/FirstPersonHUD.uasset" 257
"../../../../../../GameDev/Capstone/CapstoneSpring2019/AIGame/Content/UI/Loss.uasset" 258
"../../../../../../GameDev/Capstone/CapstoneSpring2019/AIGame/Content/UI/Win.uasset" 259
"../../../../../../GameDev/Capstone/CapstoneSpring2019/AIGame/Content/FirstPersonBP/Blueprints/FirstPersonGameMode.uasset" 260
"../../../../../../GameDev/Capstone/CapstoneSpring2019/AIGame/Content/Inventory/Placeables/Place_Base.uasset" 261
"../../../../../../GameDev/Capstone/CapstoneSpring2019/AIGame/Content/Inventory/Placeables/Bark.uasset" 262
"../../../../../../GameDev/Capstone/CapstoneSpring2019/AIGame/Content/Inventory/Placeables/Rock.uasset" 263
"../../../../../../GameDev/Capstone/CapstoneSpring2019/AIGame/Content/Inventory/Placeables/Wood.uasset" 264
"../../../../../../GameDev/Capstone/CapstoneSpring2019/AIGame/Content/Inventory/Placeables/Campfire.uasset" 265
"../../../../../../GameDev/Capstone/CapstoneSpring2019/AIGame/Content/Sounds/fire_sustain_1.uasset" 266
"../../../../../../GameDev/Capstone/CapstoneSpring2019/AIGame/Content/Sounds/fire_sustain_1_Cue.uasset" 267
"../../../../../../GameDev/Capstone/CapstoneSpring2019/AIGame/Content/Inventory/Placeables/Place_Campfire.uasset" 268
"../../../../../../GameDev/Capstone/CapstoneSpring2019/AIGame/Content/Inventory/Placeables/Leaves.uasset" 269
"../../../../../../GameDev/Capstone/CapstoneSpring2019/AIGame/Content/Inventory/Placeables/Tent.uasset" 270
"../../../../../../GameDev/Capstone/CapstoneSpring2019/AIGame/Content/Inventory/Placeables/Place_Tent.uasset" 271
"../../../../../../GameDev/Capstone/CapstoneSpring2019/AIGame/Content/Inventory/Placeables/Light.uasset" 272
"../../../../../../GameDev/Capstone/CapstoneSpring2019/AIGame/Content/Inventory/Placeables/Torch.uasset" 273
"../../../../../../GameDev/Capstone/CapstoneSpring2019/AIGame/Content/Inventory/Placeables/Place_Torch.uasset" 274
"../../../../../../GameDev/Capstone/CapstoneSpring2019/AIGame/Content/FirstPersonBP/Models/Shirt.uasset" 275
"../../../../../../GameDev/Capstone/CapstoneSpring2019/AIGame/Content/FirstPersonBP/Models/Skin.uasset" 276
"../../../../../../GameDev/Capstone/CapstoneSpring2019/AIGame/Content/FirstPersonBP/Models/PlayerArms_PhysicsAsset.uasset" 277
"../../../../../../GameDev/Capstone/CapstoneSpring2019/AIGame/Content/FirstPersonBP/Models/PlayerArms.uasset" 278
"../../../../../../GameDev/Capstone/CapstoneSpring2019/AIGame/Content/FirstPersonBP/Models/Body.uasset" 279
"../../../../../../GameDev/Capstone/CapstoneSpring2019/AIGame/Content/FirstPersonBP/Models/Face.uasset" 280
"../../../../../../GameDev/Capstone/CapstoneSpring2019/AIGame/Content/FirstPersonBP/Models/Leather.uasset" 281
"../../../../../../GameDev/Capstone/CapstoneSpring2019/AIGame/Content/FirstPersonBP/Models/Watch.uasset" 282
"../../../../../../GameDev/Capstone/CapstoneSpring2019/AIGame/Content/Textures/Glowy.uasset" 283
"../../../../../../GameDev/Capstone/CapstoneSpring2019/AIGame/Content/Geometry/Meshes/Cross.uasset" 284
"../../../../../../GameDev/Capstone/CapstoneSpring2019/AIGame/Content/Inventory/Models/Black.uasset" 285
"../../../../../../GameDev/Capstone/CapstoneSpring2019/AIGame/Content/Inventory/Models/Metal.uasset" 286
"../../../../../../GameDev/Capstone/CapstoneSpring2019/AIGame/Content/Inventory/Models/Red.uasset" 287
"../../../../../../GameDev/Capstone/CapstoneSpring2019/AIGame/Content/Inventory/Models/Axe.uasset" 288
"../../../../../../GameDev/Capstone/CapstoneSpring2019/AIGame/Content/Sounds/item_pick_up.uasset" 289
"../../../../../../GameDev/Capstone/CapstoneSpring2019/AIGame/Content/Sounds/item_pick_up_Cue.uasset" 290
"../../../../../../GameDev/Capstone/CapstoneSpring2019/AIGame/Content/Sounds/Lit_Fire_action.uasset" 291
"../../../../../../GameDev/Capstone/CapstoneSpring2019/AIGame/Content/Sounds/Lit_Fire_action_Cue.uasset" 292
"../../../../../../GameDev/Capstone/CapstoneSpring2019/AIGame/Content/UI/Icon_Campfire.uasset" 293
"../../../../../../GameDev/Capstone/CapstoneSpring2019/AIGame/Content/UI/Icon_Tent.uasset" 294
"../../../../../../GameDev/Capstone/CapstoneSpring2019/AIGame/Content/UI/Icon_Torch.uasset" 295
"../../../../../../GameDev/Capstone/CapstoneSpring2019/AIGame/Content/UI/Icons.uasset" 296
"../../../../../../GameDev/Capstone/CapstoneSpring2019/AIGame/Content/UI/Pause.uasset" 297
"../../../../../../GameDev/Capstone/CapstoneSpring2019/AIGame/Content/UI/PlacingInstructions.uasset" 298
"../../../../../../GameDev/Capstone/CapstoneSpring2019/AIGame/Content/UI/Time.uasset" 299
"../../../../../../GameDev/Capstone/CapstoneSpring2019/AIGame/Content/FirstPersonBP/Blueprints/FPChar.uasset" 300
"../../../Engine/Content/EngineSky/C_Sky_Cloud_Color.uasset" 301
"../../../Engine/Content/EngineSky/C_Sky_Horizon_Color.uasset" 302
"../../../Engine/Content/EngineSky/C_Sky_Zenith_Color.uasset" 303
"../../../Engine/Content/EngineSky/T_Sky_Blue.uasset" 304
"../../../Engine/Content/EngineSky/T_Sky_Clouds_M.uasset" 305
"../../../Engine/Content/EngineSky/T_Sky_Stars.uasset" 306
"../../../Engine/Content/EngineSky/M_Sky_Panning_Clouds2.uasset" 307
"../../../Engine/Content/EngineSky/SM_SkySphere.uasset" 308
"../../../Engine/Content/EngineSky/BP_Sky_Sphere.uasset" 309
"../../../../../../GameDev/Capstone/CapstoneSpring2019/AIGame/Content/Geometry/Meshes/CubeMaterial1.uasset" 310
"../../../../../../GameDev/Capstone/CapstoneSpring2019/AIGame/Content/Geometry/Meshes/Rock1.uasset" 311
"../../../../../../GameDev/Capstone/CapstoneSpring2019/AIGame/Content/Inventory/Item_Rock.uasset" 312
"../../../../../../GameDev/Capstone/CapstoneSpring2019/AIGame/Content/Geometry/Meshes/Rock4.uasset" 313
"../../../../../../GameDev/Capstone/CapstoneSpring2019/AIGame/Content/Inventory/Destructibles/Rock.uasset" 314
"../../../../../../GameDev/Capstone/CapstoneSpring2019/AIGame/Content/Inventory/Models/Leaves.uasset" 315
"../../../../../../GameDev/Capstone/CapstoneSpring2019/AIGame/Content/Inventory/Models/Leaf.uasset" 316
"../../../../../../GameDev/Capstone/CapstoneSpring2019/AIGame/Content/Inventory/Item_Leaf.uasset" 317
"../../../../../../GameDev/Capstone/CapstoneSpring2019/AIGame/Content/Inventory/Models/Bark.uasset" 318
"../../../../../../GameDev/Capstone/CapstoneSpring2019/AIGame/Content/Inventory/Models/Wood.uasset" 319
"../../../../../../GameDev/Capstone/CapstoneSpring2019/AIGame/Content/Inventory/Models/PalmLog.uasset" 320
"../../../../../../GameDev/Capstone/CapstoneSpring2019/AIGame/Content/Inventory/Item_Log.uasset" 321
"../../../../../../GameDev/Capstone/CapstoneSpring2019/AIGame/Content/Inventory/Models/Palm1.uasset" 322
"../../../../../../GameDev/Capstone/CapstoneSpring2019/AIGame/Content/Inventory/Models/Palm2.uasset" 323
"../../../../../../GameDev/Capstone/CapstoneSpring2019/AIGame/Content/Inventory/Models/Palm3.uasset" 324
"../../../../../../GameDev/Capstone/CapstoneSpring2019/AIGame/Content/Inventory/Destructibles/Tree.uasset" 325
"../../../../../../GameDev/Capstone/CapstoneSpring2019/AIGame/Content/Inventory/Models/Axe1.uasset" 326
"../../../../../../GameDev/Capstone/CapstoneSpring2019/AIGame/Content/Inventory/Item_Axe.uasset" 327
"../../../../../../GameDev/Capstone/CapstoneSpring2019/AIGame/Content/FirstPersonBP/Maps/FirstPersonExampleMap_BuiltData.uasset" 328
"../../../../../../GameDev/Capstone/CapstoneSpring2019/AIGame/Content/FirstPersonBP/Maps/FirstPersonExampleMap.umap" 329
"../../../../../../GameDev/Capstone/CapstoneSpring2019/AIGame/Content/Geometry/Meshes/Material_001.uasset" 330
"../../../../../../GameDev/Capstone/CapstoneSpring2019/AIGame/Content/Geometry/Meshes/Material_002.uasset" 331
"../../../../../../GameDev/Capstone/CapstoneSpring2019/AIGame/Content/Geometry/Meshes/Seagull.uasset" 332
"../../../../../../GameDev/Capstone/CapstoneSpring2019/AIGame/Content/Geometry/Meshes/Gull.uasset" 333
"../../../../../../GameDev/Capstone/CapstoneSpring2019/AIGame/Content/Geometry/Meshes/RockFoliage.uasset" 334
"../../../../../../GameDev/Capstone/CapstoneSpring2019/AIGame/Content/Geometry/Meshes/Rock2.uasset" 335
"../../../../../../GameDev/Capstone/CapstoneSpring2019/AIGame/Content/Geometry/Meshes/RockFoliage2.uasset" 336
"../../../../../../GameDev/Capstone/CapstoneSpring2019/AIGame/Content/Textures/Sand.uasset" 337
"../../../Engine/Content/Functions/Engine_MaterialFunctions02/Math/TimeWithSpeedVariable.uasset" 338
"../../../Engine/Content/Functions/Engine_MaterialFunctions02/Utility/MakeFloat2.uasset" 339
"../../../../../../GameDev/Capstone/CapstoneSpring2019/AIGame/Content/Textures/perlin-noise.uasset" 340
"../../../../../../GameDev/Capstone/CapstoneSpring2019/AIGame/Content/Textures/WaterMoving.uasset" 341
"../../../../../../GameDev/Capstone/CapstoneSpring2019/AIGame/Content/Textures/WaterNotMoving.uasset" 342
"../../../Engine/Content/EngineMaterials/DefaultPhysicalMaterial.uasset" 343
"../../../../../../GameDev/Capstone/CapstoneSpring2019/AIGame/Content/Geometry/Meshes/Red.uasset" 344
"../../../../../../GameDev/Capstone/CapstoneSpring2019/AIGame/Content/Geometry/Meshes/White.uasset" 345
"../../../../../../GameDev/Capstone/CapstoneSpring2019/AIGame/Content/Geometry/Meshes/BoatBack.uasset" 346
"../../../../../../GameDev/Capstone/CapstoneSpring2019/AIGame/Content/Geometry/Meshes/BoatFront.uasset" 347
"../../../../../../GameDev/Capstone/CapstoneSpring2019/AIGame/Content/Geometry/Meshes/Black.uasset" 348
"../../../../../../GameDev/Capstone/CapstoneSpring2019/AIGame/Content/Geometry/Meshes/Tan.uasset" 349
"../../../../../../GameDev/Capstone/CapstoneSpring2019/AIGame/Content/Geometry/Meshes/Radio.uasset" 350
"../../../../../../GameDev/Capstone/CapstoneSpring2019/AIGame/Content/Geometry/Meshes/Water.uasset" 351
"../../../../../../GameDev/Capstone/CapstoneSpring2019/AIGame/Content/Geometry/Meshes/Water2.uasset" 352
"../../../../../../GameDev/Capstone/CapstoneSpring2019/AIGame/Content/Sounds/beach_ambiance.uasset" 353
"../../../../../../GameDev/Capstone/CapstoneSpring2019/AIGame/Content/Sounds/beach_ambiance_Cue.uasset" 354
"../../../../../../GameDev/Capstone/CapstoneSpring2019/AIGame/Content/Sounds/bells_ambient.uasset" 355
"../../../../../../GameDev/Capstone/CapstoneSpring2019/AIGame/Content/Sounds/bells_ambient_Cue.uasset" 356
"../../../../../../GameDev/Capstone/CapstoneSpring2019/AIGame/Content/Sounds/trees_ambient.uasset" 357
"../../../../../../GameDev/Capstone/CapstoneSpring2019/AIGame/Content/Sounds/trees_ambient_Cue.uasset" 358
"../../../../../../GameDev/Capstone/CapstoneSpring2019/AIGame/Content/Sounds/trees_n_bells_ambient.uasset" 359
"../../../../../../GameDev/Capstone/CapstoneSpring2019/AIGame/Content/Sounds/trees_n_bells_ambient_Cue.uasset" 360
"../../../../../../GameDev/Capstone/CapstoneSpring2019/AIGame/Content/Sounds/Ukulele.uasset" 361
"../../../../../../GameDev/Capstone/CapstoneSpring2019/AIGame/Content/Sounds/Ukulele_Cue.uasset" 362
"../../../../../../GameDev/Capstone/CapstoneSpring2019/AIGame/Content/UI/WhiteCubemap.uasset" 363
"../../../../../../GameDev/Capstone/CapstoneSpring2019/AIGame/Content/FirstPersonBP/Maps/MainWorld.umap" 364
"../../../../../../GameDev/Capstone/CapstoneSpring2019/AIGame/Content/UI/MenuPawn.uasset" 365
"../../../../../../GameDev/Capstone/CapstoneSpring2019/AIGame/Content/UI/MainMenu.uasset" 366
"../../../../../../GameDev/Capstone/CapstoneSpring2019/AIGame/Content/UI/MenuGM.uasset" 367
"../../../Engine/Content/BasicShapes/Plane.uasset" 368
"../../../../../../GameDev/Capstone/CapstoneSpring2019/AIGame/Content/FirstPersonBP/Maps/Menu.umap" 369
"../../../Engine/Content/Maps/Entry_BuiltData.uasset" 370
"../../../Engine/Content/Maps/Entry.umap" 371
